<?xml version="1.0" encoding="UTF-8"?>
<!-- Generated by org.testng.reporters.JUnitXMLReporter -->
<testsuite ignored="0" hostname="LTIN466277" failures="0" tests="3" name="All Functional Tests" time="42.322" errors="0" timestamp="2025-07-28T16:35:05 IST">
  <testcase classname="tests.BaseTest" name="testCarWashSearch" time="12.825"/>
  <testcase classname="tests.BaseTest" name="testInvalidMobileListing" time="7.047"/>
  <testcase classname="tests.BaseTest" name="testGymSearchAndExcelExport" time="10.141"/>
</testsuite> <!-- All Functional Tests -->
