<?xml version="1.0" encoding="UTF-8"?>
<!-- Generated by org.testng.reporters.JUnitXMLReporter -->
<testsuite ignored="0" hostname="LTIN466277" failures="0" tests="3" name="All Functional Tests" time="37.286" errors="0" timestamp="2025-07-30T20:53:56 IST">
  <testcase classname="tests.BaseTest" name="testCarWashSearch" time="12.171"/>
  <testcase classname="tests.BaseTest" name="testInvalidMobileListing" time="6.173"/>
  <testcase classname="tests.BaseTest" name="testGymSearchAndExcelExport" time="7.484"/>
</testsuite> <!-- All Functional Tests -->
