<?xml version="1.0" encoding="UTF-8"?>
<!-- Generated by org.testng.reporters.JUnitXMLReporter -->
<testsuite ignored="0" hostname="LTIN466277" failures="0" tests="3" name="All Functional Tests" time="27.838" errors="0" timestamp="2025-07-30T08:53:29 IST">
  <testcase classname="tests.BaseTest" name="testCarWashSearch" time="8.775"/>
  <testcase classname="tests.BaseTest" name="testInvalidMobileListing" time="4.944"/>
  <testcase classname="tests.BaseTest" name="testGymSearchAndExcelExport" time="4.813"/>
</testsuite> <!-- All Functional Tests -->
